Change Component Comment : Designator=B2 Old Comment=BOOT New Comment=Button 3x4x2.5
Change Component Comment : Designator=B1 Old Comment=EN New Comment=Button 3x4x2.5
Change Component Designator: OldDesignator=LED1 NewDesignator=LED2
Change Component Designator: OldDesignator=LED2 NewDesignator=LED3
Change Component Designator: OldDesignator=LED3 NewDesignator=LED4
Change Component Designator: OldDesignator=LED4 NewDesignator=LED5
Change Component Designator: OldDesignator=LED5 NewDesignator=LED6
Change Component Designator: OldDesignator=LED6 NewDesignator=LED7
Change Component Designator: OldDesignator=LED7 NewDesignator=LED8
Change Component Designator: OldDesignator=LED8 NewDesignator=LED9
Change Component Designator: OldDesignator=LED9 NewDesignator=LED10
Change Component Designator: OldDesignator=LED10 NewDesignator=LED11
Change Component Designator: OldDesignator=LED11 NewDesignator=LED12
Change Component Designator: OldDesignator=LED12 NewDesignator=LED13
Change Component Designator: OldDesignator=LED13 NewDesignator=LED14
Change Component Designator: OldDesignator=LED14 NewDesignator=LED15
Change Component Designator: OldDesignator=LED15 NewDesignator=LED16
Change Component Designator: OldDesignator=LED16 NewDesignator=LED17
Change Component Designator: OldDesignator=R1 NewDesignator=R2
Change Component Designator: OldDesignator=R2 NewDesignator=R3
Change Component Designator: OldDesignator=R3 NewDesignator=R4
Change Component Designator: OldDesignator=R4 NewDesignator=R5
Change Component Designator: OldDesignator=R5 NewDesignator=R6
Change Component Designator: OldDesignator=R6 NewDesignator=R7
Change Component Designator: OldDesignator=R7 NewDesignator=R8
Change Component Designator: OldDesignator=R8 NewDesignator=R9
Added Component: Designator=LED1(LED-0805-Red)
Add component. Clean all parameters for all variants
Add component (AddParameter): Name = "Value"; Value = "LED 3 ly Single Colour"; VariantName = "[No Variations]"
Added Component: Designator=R1(RES-SMD-0805)
Add component. Clean all parameters for all variants
Add component (AddParameter): Name = "Class"; Value = "Passive"; VariantName = "[No Variations]"
Add component (AddParameter): Name = "Manufacturer"; Value = "Generic Components"; VariantName = "[No Variations]"
Add component (AddParameter): Name = "Published"; Value = "08/06/2000"; VariantName = "[No Variations]"
Add component (AddParameter): Name = "Publisher"; Value = "Altium Hobart Technology Centre"; VariantName = "[No Variations]"
Added Pin To Net: NetName=GND Pin=LED1-2
Change Net Name : Old Net Name=NetLED1_1 New Net Name=NetLED2_1
Change Net Name : Old Net Name=NetLED2_1 New Net Name=NetLED3_1
Change Net Name : Old Net Name=NetLED2_2 New Net Name=NetLED3_2
Change Net Name : Old Net Name=NetLED3_2 New Net Name=NetLED4_2
Change Net Name : Old Net Name=NetLED4_1 New Net Name=NetLED5_1
Change Net Name : Old Net Name=NetLED4_2 New Net Name=NetLED5_2
Change Net Name : Old Net Name=NetLED5_1 New Net Name=NetLED6_1
Change Net Name : Old Net Name=NetLED5_2 New Net Name=NetLED6_2
Change Net Name : Old Net Name=NetLED6_2 New Net Name=NetLED7_2
Change Net Name : Old Net Name=NetLED7_2 New Net Name=NetLED8_2
Change Net Name : Old Net Name=NetLED8_2 New Net Name=NetLED9_2
Change Net Name : Old Net Name=NetLED10_2 New Net Name=NetLED11_2
Change Net Name : Old Net Name=NetLED11_2 New Net Name=NetLED12_2
Change Net Name : Old Net Name=NetLED12_2 New Net Name=NetLED13_2
Change Net Name : Old Net Name=NetLED14_2 New Net Name=NetLED15_2
Change Net Name : Old Net Name=NetLED15_2 New Net Name=NetLED16_2
Added Pin To Net: NetName=NetLED1_1 Pin=LED1-1
Added Pin To Net: NetName=NetLED1_1 Pin=R1-1
Added Net: Name=NetLED1_1
Added Pin To Net: NetName=Net Pin=R1-2
Added Pin To Net: NetName=Net Pin=U1-33
Added Net: Name=Net
Added Member To Class: ClassName=U_esp32 Member=Component LED17 LED
Added Member To Class: ClassName=U_esp32 Member=Component R9 10k
Added Room: Name=U_esp32
Added Room: Name=U_led
